<?xml version="1.0" encoding="UTF-8"?>
<testsuite xmlns:xsi="http://www.w3.org/2001/XMLSchema-instance" xsi:noNamespaceSchemaLocation="https://maven.apache.org/surefire/maven-surefire-plugin/xsd/surefire-test-report-3.0.xsd" version="3.0" name="com.aftercare.aftercareapi.AftercareApiApplicationTests" time="13.286" tests="1" errors="0" skipped="0" failures="0">
  <properties>
[...]
</properties>
  <testcase name="contextLoads" classname="com.aftercare.aftercareapi.AftercareApiApplicationTests" time="2.727">
    <system-out><![CDATA[02:08:21.850 [main] INFO org.springframework.test.context.support.AnnotationConfigContextLoaderUtils -- Could not detect default configuration classes for test class [com.aftercare.aftercareapi.AftercareApiApplicationTests]: AftercareApiApplicationTests does not declare any static, non-private, non-final, nested classes annotated with @Configuration.
02:08:22.190 [main] INFO org.springframework.boot.test.context.SpringBootTestContextBootstrapper -- Found @SpringBootConfiguration com.aftercare.aftercareapi.AftercareApiApplication for test class com.aftercare.aftercareapi.AftercareApiApplicationTests
02:08:22.879 [main] INFO org.springframework.boot.devtools.restart.RestartApplicationListener -- Restart disabled due to context in which it is running

  .   ____          _            __ _ _
 /\\ / ___'_ __ _ _(_)_ __  __ _ \ \ \ \
( ( )\___ | '_ | '_| | '_ \/ _` | \ \ \ \
 \\/  ___)| |_)| | | | | || (_| |  ) ) ) )
  '  |____| .__|_| |_|_| |_\__, | / / / /
 =========|_|==============|___/=/_/_/_/
 :: Spring Boot ::                (v3.2.3)

2024-04-16T02:08:24.083-04:00  INFO 3008 --- [aftercare-api] [           main] c.a.a.AftercareApiApplicationTests       : Starting AftercareApiApplicationTests using Java 17.0.10 with PID 3008 (started by futiliter in C:\Users\futiliter\Documents\Projects\aftercare-api)
2024-04-16T02:08:24.087-04:00  INFO 3008 --- [aftercare-api] [           main] c.a.a.AftercareApiApplicationTests       : No active profile set, falling back to 1 default profile: "default"
2024-04-16T02:08:31.213-04:00  INFO 3008 --- [aftercare-api] [           main] o.s.b.a.e.web.EndpointLinksResolver      : Exposing 13 endpoint(s) beneath base path '/actuator'
2024-04-16T02:08:31.276-04:00  INFO 3008 --- [aftercare-api] [           main] o.s.s.web.DefaultSecurityFilterChain     : Will secure any request with [org.springframework.security.web.session.DisableEncodeUrlFilter@632cf7d3, org.springframework.security.web.context.request.async.WebAsyncManagerIntegrationFilter@51b87df7, org.springframework.security.web.context.SecurityContextHolderFilter@b06d46d, org.springframework.security.web.header.HeaderWriterFilter@34f7b44f, org.springframework.web.filter.CorsFilter@2315052d, org.springframework.security.web.csrf.CsrfFilter@289f15e9, org.springframework.security.web.authentication.logout.LogoutFilter@1ea930eb, org.springframework.security.web.authentication.UsernamePasswordAuthenticationFilter@489110c2, org.springframework.security.web.authentication.ui.DefaultLoginPageGeneratingFilter@597d48ca, org.springframework.security.web.authentication.ui.DefaultLogoutPageGeneratingFilter@634e1b39, org.springframework.security.web.authentication.www.BasicAuthenticationFilter@1be52861, org.springframework.security.web.savedrequest.RequestCacheAwareFilter@656c5c3, org.springframework.security.web.servletapi.SecurityContextHolderAwareRequestFilter@7911cc15, org.springframework.security.web.authentication.AnonymousAuthenticationFilter@67d8faec, org.springframework.security.web.access.ExceptionTranslationFilter@18a98913, org.springframework.security.web.access.intercept.AuthorizationFilter@53982523]
2024-04-16T02:08:31.532-04:00  INFO 3008 --- [aftercare-api] [           main] c.a.a.AftercareApiApplicationTests       : Started AftercareApiApplicationTests in 8.704 seconds (process running for 11.483)
]]></system-out>
  </testcase>
</testsuite>