<?xml version="1.0" encoding="UTF-8"?>
<testsuite xmlns:xsi="http://www.w3.org/2001/XMLSchema-instance" xsi:noNamespaceSchemaLocation="https://maven.apache.org/surefire/maven-surefire-plugin/xsd/surefire-test-report-3.0.xsd" version="3.0" name="com.aftercare.aftercareapi.AftercareApiApplicationTests" time="9.735" tests="1" errors="0" skipped="0" failures="0">
  <properties>
[...]
</properties>
  <testcase name="contextLoads" classname="com.aftercare.aftercareapi.AftercareApiApplicationTests" time="0.991">
    <system-out><![CDATA[16:14:16.466 [main] INFO org.springframework.test.context.support.AnnotationConfigContextLoaderUtils -- Could not detect default configuration classes for test class [com.aftercare.aftercareapi.AftercareApiApplicationTests]: AftercareApiApplicationTests does not declare any static, non-private, non-final, nested classes annotated with @Configuration.
16:14:16.636 [main] INFO org.springframework.boot.test.context.SpringBootTestContextBootstrapper -- Found @SpringBootConfiguration com.aftercare.aftercareapi.AftercareApiApplication for test class com.aftercare.aftercareapi.AftercareApiApplicationTests
16:14:16.933 [main] INFO org.springframework.boot.devtools.restart.RestartApplicationListener -- Restart disabled due to context in which it is running

  .   ____          _            __ _ _
 /\\ / ___'_ __ _ _(_)_ __  __ _ \ \ \ \
( ( )\___ | '_ | '_| | '_ \/ _` | \ \ \ \
 \\/  ___)| |_)| | | | | || (_| |  ) ) ) )
  '  |____| .__|_| |_|_| |_\__, | / / / /
 =========|_|==============|___/=/_/_/_/
 :: Spring Boot ::                (v3.2.3)

2024-06-03T16:14:17.434-04:00  INFO 23240 --- [           main] c.a.a.AftercareApiApplicationTests       : Starting AftercareApiApplicationTests using Java 17.0.10 with PID 23240 (started by futiliter in C:\Users\futiliter\Documents\Projects\aftercare-api)
2024-06-03T16:14:17.437-04:00  INFO 23240 --- [           main] c.a.a.AftercareApiApplicationTests       : No active profile set, falling back to 1 default profile: "default"
2024-06-03T16:14:18.987-04:00  INFO 23240 --- [           main] .s.d.r.c.RepositoryConfigurationDelegate : Bootstrapping Spring Data JPA repositories in DEFAULT mode.
2024-06-03T16:14:19.020-04:00  INFO 23240 --- [           main] .s.d.r.c.RepositoryConfigurationDelegate : Finished Spring Data repository scanning in 20 ms. Found 0 JPA repository interfaces.
2024-06-03T16:14:19.613-04:00  WARN 23240 --- [           main] trationDelegate$BeanPostProcessorChecker : Bean 'org.springframework.ws.config.annotation.DelegatingWsConfiguration' of type [org.springframework.ws.config.annotation.DelegatingWsConfiguration$$SpringCGLIB$$0] is not eligible for getting processed by all BeanPostProcessors (for example: not eligible for auto-proxying). The currently created BeanPostProcessor [annotationActionEndpointMapping] is declared through a non-static factory method on that class; consider declaring it as static instead.
2024-06-03T16:14:19.680-04:00  INFO 23240 --- [           main] .w.s.a.s.AnnotationActionEndpointMapping : Supporting [WS-Addressing August 2004, WS-Addressing 1.0]
2024-06-03T16:14:20.310-04:00  INFO 23240 --- [           main] o.hibernate.jpa.internal.util.LogHelper  : HHH000204: Processing PersistenceUnitInfo [name: default]
2024-06-03T16:14:20.459-04:00  INFO 23240 --- [           main] org.hibernate.Version                    : HHH000412: Hibernate ORM core version 6.4.4.Final
2024-06-03T16:14:20.514-04:00  INFO 23240 --- [           main] o.h.c.internal.RegionFactoryInitiator    : HHH000026: Second-level cache disabled
2024-06-03T16:14:21.000-04:00  INFO 23240 --- [           main] o.s.o.j.p.SpringPersistenceUnitInfo      : No LoadTimeWeaver setup: ignoring JPA class transformer
2024-06-03T16:14:21.050-04:00  INFO 23240 --- [           main] com.zaxxer.hikari.HikariDataSource       : HikariPool-1 - Starting...
2024-06-03T16:14:21.393-04:00  INFO 23240 --- [           main] com.zaxxer.hikari.pool.HikariPool        : HikariPool-1 - Added connection org.postgresql.jdbc.PgConnection@621392ea
2024-06-03T16:14:21.396-04:00  INFO 23240 --- [           main] com.zaxxer.hikari.HikariDataSource       : HikariPool-1 - Start completed.
2024-06-03T16:14:21.448-04:00  WARN 23240 --- [           main] org.hibernate.orm.deprecation            : HHH90000025: PostgreSQLDialect does not need to be specified explicitly using 'hibernate.dialect' (remove the property setting and it will be selected by default)
2024-06-03T16:14:22.039-04:00  INFO 23240 --- [           main] o.h.e.t.j.p.i.JtaPlatformInitiator       : HHH000489: No JTA platform available (set 'hibernate.transaction.jta.platform' to enable JTA platform integration)
2024-06-03T16:14:22.050-04:00  INFO 23240 --- [           main] j.LocalContainerEntityManagerFactoryBean : Initialized JPA EntityManagerFactory for persistence unit 'default'
Active Spring Profile: default
2024-06-03T16:14:22.295-04:00  WARN 23240 --- [           main] JpaBaseConfiguration$JpaWebConfiguration : spring.jpa.open-in-view is enabled by default. Therefore, database queries may be performed during view rendering. Explicitly configure spring.jpa.open-in-view to disable this warning
2024-06-03T16:14:23.183-04:00  INFO 23240 --- [           main] o.s.b.a.e.web.EndpointLinksResolver      : Exposing 1 endpoint(s) beneath base path '/actuator'
2024-06-03T16:14:23.373-04:00  INFO 23240 --- [           main] o.s.s.web.DefaultSecurityFilterChain     : Will secure any request with [org.springframework.security.web.session.DisableEncodeUrlFilter@1248f83, org.springframework.security.web.context.request.async.WebAsyncManagerIntegrationFilter@5c28009f, org.springframework.security.web.context.SecurityContextHolderFilter@5a88849, org.springframework.security.web.header.HeaderWriterFilter@322f84fd, org.springframework.web.filter.CorsFilter@19b0a9f2, org.springframework.security.web.authentication.logout.LogoutFilter@3182143c, org.springframework.security.oauth2.server.resource.web.authentication.BearerTokenAuthenticationFilter@54f4734e, org.springframework.security.web.savedrequest.RequestCacheAwareFilter@65234a9, org.springframework.security.web.servletapi.SecurityContextHolderAwareRequestFilter@3599b18, org.springframework.security.web.authentication.AnonymousAuthenticationFilter@f4c3e9, org.springframework.security.web.session.SessionManagementFilter@5c2ae7d7, org.springframework.security.web.access.ExceptionTranslationFilter@1c966488, org.springframework.security.web.access.intercept.AuthorizationFilter@18d14de3]
2024-06-03T16:14:24.831-04:00  INFO 23240 --- [           main] c.a.a.AftercareApiApplicationTests       : Started AftercareApiApplicationTests in 7.905 seconds (process running for 10.067)
]]></system-out>
  </testcase>
</testsuite>